<?xml version="1.0" encoding="UTF-8"?>
<!-- Generated by org.testng.reporters.JUnitXMLReporter -->
<testsuite ignored="0" hostname="DESKTOP-703RS57" failures="1" tests="4" name="Test(failed)" time="95.158" errors="0" timestamp="2022-07-27T09:37:59 IST">
  <testcase classname="com.vTigerScenarios.TC_1_Org_Nametest" name="orgNameCreateTest" time="0.424">
    <skipped/>
  </testcase> <!-- orgNameCreateTest -->
  <testcase classname="com.vTigerScenarios.TC_1_Org_Nametest" name="orgNameCreateTest" time="0.17">
    <skipped/>
  </testcase> <!-- orgNameCreateTest -->
  <testcase classname="com.vTigerScenarios.TC_1_Org_Nametest" name="orgNameCreateTest" time="0.126">
    <skipped/>
  </testcase> <!-- orgNameCreateTest -->
  <testcase classname="com.vTigerScenarios.TC_1_Org_Nametest" name="orgNameCreateTest" time="0.098">
    <failure type="java.lang.AssertionError" message="expected [false] but found [true]">
      <![CDATA[java.lang.AssertionError: expected [false] but found [true]
at com.vTigerScenarios.TC_1_Org_Nametest.orgNameCreateTest(TC_1_Org_Nametest.java:23)
at java.base/java.util.ArrayList.forEach(ArrayList.java:1541)
... Removed 31 stack frames]]>
    </failure>
  </testcase> <!-- orgNameCreateTest -->
</testsuite> <!-- Test(failed) -->
